<?xml version="1.0" encoding="UTF-8"?>
<!-- Generated by org.testng.reporters.JUnitReportReporter -->
<testsuite hostname="pc-194-62.customer.birmqhc.liberty.lan" name="test.TestGrid" tests="4" failures="0" timestamp="3 Mar 2014 22:30:27 GMT" time="0.017" errors="0">
  <testcase name="testBlock" time="0.008" classname="test.TestGrid"/>
  <testcase name="testMove" time="0.001" classname="test.TestGrid"/>
  <testcase name="testToString" time="0.007" classname="test.TestGrid"/>
  <testcase name="testGoal" time="0.001" classname="test.TestGrid"/>
</testsuite> <!-- test.TestGrid -->
