<?xml version="1.0" encoding="UTF-8"?>
<!-- Generated by org.testng.reporters.JUnitReportReporter -->
<testsuite hostname="pc-194-62.customer.birmqhc.liberty.lan" name="test.TestAgenda" tests="4" failures="0" timestamp="3 Mar 2014 22:58:48 GMT" time="0.020" errors="0">
  <testcase name="testContains" time="0.007" classname="test.TestAgenda"/>
  <testcase name="testPush" time="0.009" classname="test.TestAgenda"/>
  <testcase name="testPop" time="0.002" classname="test.TestAgenda"/>
  <testcase name="testSort" time="0.002" classname="test.TestAgenda"/>
</testsuite> <!-- test.TestAgenda -->
