<?xml version="1.0" encoding="UTF-8"?>
<!-- Generated by org.testng.reporters.JUnitReportReporter -->
<testsuite hostname="pc-194-62.customer.birmqhc.liberty.lan" name="test.TestGrid" tests="3" failures="0" timestamp="2 Mar 2014 16:37:08 GMT" time="0.015" errors="0">
  <testcase name="testBlock" time="0.014" classname="test.TestGrid"/>
  <testcase name="testGoal" time="0.001" classname="test.TestGrid"/>
  <testcase name="testMove" time="0.000" classname="test.TestGrid"/>
</testsuite> <!-- test.TestGrid -->
